This is TeX, Version 3.141592653 (TeX Live 2022/Debian) (preloaded format=tex 2024.4.23)  30 JUN 2024 09:03
**\nonstopmode \input preview-mk.ins
(./preview-mk.ins (/usr/share/texlive/texmf-dist/tex/latex/base/docstrip.tex
\blockLevel=\count26
\emptyLines=\count27
\processedLines=\count28
\commentsRemoved=\count29
\commentsPassed=\count30
\codeLinesPassed=\count31
\TotalprocessedLines=\count32
\TotalcommentsRemoved=\count33
\TotalcommentsPassed=\count34
\TotalcodeLinesPassed=\count35
\NumberOfFiles=\count36
\inFile=\read0
\inputcheck=\read1
\@tempcnta=\count37
\off@0=\count38
\off@1=\count39
\off@2=\count40
\off@3=\count41
\off@4=\count42
\off@5=\count43
\off@6=\count44
\off@7=\count45
\off@8=\count46
\off@9=\count47
\off@10=\count48
\off@11=\count49
\off@12=\count50
\off@13=\count51
\off@14=\count52
\off@15=\count53
\@temptokena=\toks12
\@maxfiles=\count54
\@maxoutfiles=\count55

Utility: `docstrip' v2.6b <2022-09-03>
English documentation    <2022-09-03>

**********************************************************
* This program converts documented macro-files into fast *
* loadable files by stripping off (nearly) all comments! *
**********************************************************

********************************************************
* No Configuration file found, using default settings. *
********************************************************

)

Generating file(s) preview.drv preview.sty prauctex.def prauctex.cfg prshowbox.
def prshowlabels.def prtracingall.def prtightpage.def prlyx.def prcounters.def 
prfootnotes.def 

Processing file preview.dtx (driver) -> preview.drv
                            (style) -> preview.sty
                            (auctex) -> prauctex.def
                            (auccfg) -> prauctex.cfg
                            (showbox) -> prshowbox.def
                            (showlabels) -> prshowlabels.def
                            (tracingall) -> prtracingall.def
                            (tightpage) -> prtightpage.def
                            (lyx) -> prlyx.def
                            (counters) -> prcounters.def
                            (footnotes) -> prfootnotes.def
% % % % % % % % % % % % % % % % % % % % % % % % % % % % % % % % % % % % % % %
% % % % % % % % % % % % % % % % % % % % % % % % % % % % % % % % % % % % % % %
% % % % % % % % % % % % % % % % % % % % % % % % % % % % % % % % % % % % % % %
% % % % % % % % % % % % % % % % % % % % % % % % % % % % % % % % % % % % % % %
% % % % % % % % % % % % % % % % % % % % % % % % % % % % % % % % % % % % % % %
% % % % % % % % % % % % % % % % % % % % % % % % % % % % % % % % % % % % % % %
% % % % % % % % % % % % % % % % % % % % % % % % % % % % % % % % % % % % % % %
% % % % % % % % % % % % % % % % % % % % % % % % % % % % % % % % % % % % % % %
% % % % % % % % % % % % % % % % % % % % % % % % % % % % % % % % % % % % % % %
% % % % % % % % % % % % % % % % % % % % % % % % % % % % % % % % % % % % % % %
% % % % % % % % % % % % % % % % % % % % % % % % % % % % % % % % % % % % % % %
% % % % % <*style <*!active . . . . % % % % % % % % % % % % % . > % % % % % %
% <*active . . > % % % % % % % % % % % % % % % % % % % % % % % % % % %
<*!active . . . . . . % % % % . . . % % % % . . . . . . % % % % % % % % % % %
% % . . . . . % % % % % % % % . . . % % % % % % % % % % % % % % . . . . . . .
% % % % % % . . . . . . . . . . % % % . . % % % . . > % % % % % % <*active % %
% % % % . . % % % % % % . . . % % % % % % % % % % % % % % . . % % % % % % % %
. . % % % . . % % % % % % % % % % % % % % . . . . . . . . . . . . . . . . . %
% % % % % % % % % % % % % % . . . . . . . . . . . . . . . . . . . . . . . . .
. % % % % % % % % % % % % % % % % % % % % % % % % % % . . . . . . . . . . . .
. . . . . . . % % % % % % % % % % . . . % % % % % % % % % % . . . . . . . . .
. . . . . . . . . % % % % % % % % % % % % % % % % % % % % % % % % % % . . . .
. . . % % % % % % % % % . . . . % % % % % % % % % % . . . . . . % % % % % % %
% . % % % % % % . . . % % % % % % % % . . . . . . . % % % % % % % . . % % % %
% . . . . . % % % % % % % % . . . . . % % % % % % % % . . . . . . . > % % % %
% % % % % % % % <*!active . . . . . . . . . . . . . . . . . . . . . % % % % %
% % % % % % % % % % % . . . . . . . . . . . . . . . . . . . > % % % % %
<*active . > % % % % % <*!active . . . % % % % % % % . . . . . . . . . . . . .
. . . . . . . . . . . . % % % % . . . . % % % % % % % % . . % % % % % % % . %
% % % % % % . . . . . . . . . . % % % % % % % % % % % % . . . . . . . % % % %
% % % . % % % % . . . . . . . . % % % % % % % . % % % % . . . . . % % % % % %
% % % . . . . . . . . . . . . . . . . % % % % % % . . . . . > % % % % % % % %
% % <*active . . . . . . . . . . . . > % % % % % % % % % % % % % % % % % % % %
% % % <*!active . . % % % % % % % % % . . % % % % % % . . > % % % % <*active .
. . . . . . % % % % % % % % % . . . . . . . % % % % % % . . . . . . . . . . .
. . . . . . % % % % % . > > % % % % % % % % % % % % % % % % % % % % %
<auctex . > <auctex . > <auctex . > % % % % % % % % <auctex . > <auctex . >
<auctex . > <auctex . > <auctex . > <auctex . > <auctex . > <auctex . >
<auctex . > <auctex . > <auctex . > <auctex . > <auctex . > <auctex . >
<auctex . > <auctex . > <auctex . > <auctex . > <auctex . > <auctex . > % % %
% % % % % % % % % % % % % % % % <auctex . > <auctex . > <auctex . >
<auctex . > <auctex . > <auctex . > <auctex . > <auctex . > <auctex . >
<auctex . > % % % <auctex . > % % % % <auccfg . > <auccfg . > <auccfg . >
<auccfg . > <auccfg . > <auccfg . > <auccfg . > <auccfg . > <auccfg . >
<auccfg . > <auccfg . > <auccfg . > <auccfg . > <auccfg . > <auccfg . >
<auccfg . > <auccfg . > <auccfg . > <auccfg . > <auccfg . > <auccfg . >
<auccfg . > <auccfg . > <auccfg . > <auccfg . > <auccfg . > <auccfg . > % % %
% % % <lyx . > <lyx . > <lyx . > <lyx . > <lyx . > % % % % % % % % % %
<counters . > <counters . > <counters . > <counters . > <counters . >
<counters . > <counters . > <counters . > <counters . > <counters . >
<counters . > % % % % % % % % % % % % % % % % % <showbox . > <showbox . >
<showbox . > <showbox . > <showbox . > % % % % % % % % <tracingall . >
<tracingall . > <tracingall . > % % % % % % % % % % % % % % % % % % % % % % %
% % % % <tightpage . > <tightpage . > <tightpage . > <tightpage . >
<tightpage . > <tightpage . > <tightpage . > <tightpage . > % % % % %
<tightpage . > <tightpage . > <tightpage . > <tightpage . > <tightpage . >
<tightpage . > % % % % % % % % % % % % <tightpage . > <tightpage . >
<tightpage . > <tightpage . > <tightpage . > <tightpage . > <tightpage . >
<tightpage . > <tightpage . > <tightpage . > <tightpage . > <tightpage . >
<tightpage . > <tightpage . > <tightpage . > <tightpage . > <tightpage . >
<tightpage . > <tightpage . > <tightpage . > <tightpage . > <tightpage . >
<tightpage . > <tightpage . > <tightpage . > <tightpage . > <tightpage . >
<tightpage . > <tightpage . > <tightpage . > <tightpage . > <tightpage . >
<tightpage . > <tightpage . > <tightpage . > <tightpage . > <tightpage . >
<tightpage . > <tightpage . > <tightpage . > <tightpage . > <tightpage . >
<tightpage . > <tightpage . > <tightpage . > <tightpage . > <tightpage . >
<tightpage . > <tightpage . > <tightpage . > <tightpage . > <tightpage . >
<tightpage . > <tightpage . > <tightpage . > <tightpage . > <tightpage . >
<tightpage . > <tightpage . > <tightpage . > <tightpage . > <tightpage . >
<tightpage . > <tightpage . > <tightpage . > <tightpage . > <tightpage . >
<tightpage . > <tightpage . > <tightpage . > <tightpage . > <tightpage . > % %
% % <tightpage . > <tightpage . > % % % % % <tightpage . > <tightpage . >
<tightpage . > <tightpage . > <tightpage . > <tightpage . > <tightpage . >
<tightpage . > <tightpage . > <tightpage . > <tightpage . > <tightpage . >
<tightpage . > <tightpage . > <tightpage . > <tightpage . > <tightpage . > % %
% % % <tightpage . > <tightpage . > <tightpage . > <tightpage . > % % % % % %
<tightpage . > % % % % % % % <tightpage . > <tightpage . > <tightpage . > % %
% % <tightpage . > % % % % % % <tightpage . > <tightpage . > <tightpage . > %
% % % <tightpage . > <tightpage . > % % % % % % % % % % % % % % % % % % % %
<showlabels . > <showlabels . > % % % % % % % % % <showlabels . > % % % %
<showlabels . > <showlabels . > <showlabels . > % % % % % % % % % % % % % % %
% % % <showlabels . > <showlabels . > <showlabels . > % % % <showlabels . >
<showlabels . > <showlabels . > % % % <showlabels . > <showlabels . >
<showlabels . > <showlabels . > <showlabels . > % % % % % % % <showlabels . >
<showlabels . > % % % % % % % <showlabels . > <showlabels . > <showlabels . >
<showlabels . > <showlabels . > % % % % <showlabels . > % % % % %
<showlabels . > <showlabels . > <showlabels . > % % % % <showlabels . >
<showlabels . > <showlabels . > <showlabels . > % % % % % <showlabels . >
<showlabels . > <showlabels . > <showlabels . > <showlabels . >
<showlabels . > <showlabels . > <showlabels . > % % % % % % <footnotes . > % %
% % % % % % % % <installer . > <installer&make . > <installer . >
<installer . > <installer&!make . > <installer . > <installer . >
<installer . > <installer . > <installer . > <installer . > <installer . >
<installer . > <installer . > <installer . > <installer . > <installer . >
<installer . > % % % <driver . > <driver . > <driver . > <driver . >
<driver . > <driver . > <driver . > % % % % % % % %
Lines  processed: 1903
Comments removed: 1238
Comments  passed: 2
Codelines passed: 371


Processing file preview.dtx (style,active) -> preview.sty
% % % % % % % % % % % % % % % % % % % % % % % % % % % % % % % % % % % % % % %
% % % % % % % % % % % % % % % % % % % % % % % % % % % % % % % % % % % % % % %
% % % % % % % % % % % % % % % % % % % % % % % % % % % % % % % % % % % % % % %
% % % % % % % % % % % % % % % % % % % % % % % % % % % % % % % % % % % % % % %
% % % % % % % % % % % % % % % % % % % % % % % % % % % % % % % % % % % % % % %
% % % % % % % % % % % % % % % % % % % % % % % % % % % % % % % % % % % % % % %
% % % % % % % % % % % % % % % % % % % % % % % % % % % % % % % % % % % % % % %
% % % % % % % % % % % % % % % % % % % % % % % % % % % % % % % % % % % % % % %
% % % % % % % % % % % % % % % % % % % % % % % % % % % % % % % % % % % % % % %
% % % % % % % % % % % % % % % % % % % % % % % % % % % % % % % % % % % % % % %
% % % % % % % % % % % % % % % % % % % % % % % % % % % % % % % % % % % % % % %
% % % % % <*style <*!active . . . . % % % % % % % % % % % % % . > % % % % % %
% <*active . . > % % % % % % % % % % % % % % % % % % % % % % % % % % %
<*!active . . . . . . % % % % . . . % % % % . . . . . . % % % % % % % % % % %
% % . . . . . % % % % % % % % . . . % % % % % % % % % % % % % % . . . . . . .
% % % % % % . . . . . . . . . . % % % . . % % % . . > % % % % % % <*active % %
% % % % . . % % % % % % . . . % % % % % % % % % % % % % % . . % % % % % % % %
. . % % % . . % % % % % % % % % % % % % % . . . . . . . . . . . . . . . . . %
% % % % % % % % % % % % % % . . . . . . . . . . . . . . . . . . . . . . . . .
. % % % % % % % % % % % % % % % % % % % % % % % % % % . . . . . . . . . . . .
. . . . . . . % % % % % % % % % % . . . % % % % % % % % % % . . . . . . . . .
. . . . . . . . . % % % % % % % % % % % % % % % % % % % % % % % % % % . . . .
. . . % % % % % % % % % . . . . % % % % % % % % % % . . . . . . % % % % % % %
% . % % % % % % . . . % % % % % % % % . . . . . . . % % % % % % % . . % % % %
% . . . . . % % % % % % % % . . . . . % % % % % % % % . . . . . . . > % % % %
% % % % % % % % <*!active . . . . . . . . . . . . . . . . . . . . . % % % % %
% % % % % % % % % % % . . . . . . . . . . . . . . . . . . . > % % % % %
<*active . > % % % % % <*!active . . . % % % % % % % . . . . . . . . . . . . .
. . . . . . . . . . . . % % % % . . . . % % % % % % % % . . % % % % % % % . %
% % % % % % . . . . . . . . . . % % % % % % % % % % % % . . . . . . . % % % %
% % % . % % % % . . . . . . . . % % % % % % % . % % % % . . . . . % % % % % %
% % % . . . . . . . . . . . . . . . . % % % % % % . . . . . > % % % % % % % %
% % <*active . . . . . . . . . . . . > % % % % % % % % % % % % % % % % % % % %
% % % <*!active . . % % % % % % % % % . . % % % % % % . . > % % % % <*active .
. . . . . . % % % % % % % % % . . . . . . . % % % % % % . . . . . . . . . . .
. . . . . . % % % % % . > > % % % % % % % % % % % % % % % % % % % % %
<auctex . > <auctex . > <auctex . > % % % % % % % % <auctex . > <auctex . >
<auctex . > <auctex . > <auctex . > <auctex . > <auctex . > <auctex . >
<auctex . > <auctex . > <auctex . > <auctex . > <auctex . > <auctex . >
<auctex . > <auctex . > <auctex . > <auctex . > <auctex . > <auctex . > % % %
% % % % % % % % % % % % % % % % <auctex . > <auctex . > <auctex . >
<auctex . > <auctex . > <auctex . > <auctex . > <auctex . > <auctex . >
<auctex . > % % % <auctex . > % % % % <auccfg . > <auccfg . > <auccfg . >
<auccfg . > <auccfg . > <auccfg . > <auccfg . > <auccfg . > <auccfg . >
<auccfg . > <auccfg . > <auccfg . > <auccfg . > <auccfg . > <auccfg . >
<auccfg . > <auccfg . > <auccfg . > <auccfg . > <auccfg . > <auccfg . >
<auccfg . > <auccfg . > <auccfg . > <auccfg . > <auccfg . > <auccfg . > % % %
% % % <lyx . > <lyx . > <lyx . > <lyx . > <lyx . > % % % % % % % % % %
<counters . > <counters . > <counters . > <counters . > <counters . >
<counters . > <counters . > <counters . > <counters . > <counters . >
<counters . > % % % % % % % % % % % % % % % % % <showbox . > <showbox . >
<showbox . > <showbox . > <showbox . > % % % % % % % % <tracingall . >
<tracingall . > <tracingall . > % % % % % % % % % % % % % % % % % % % % % % %
% % % % <tightpage . > <tightpage . > <tightpage . > <tightpage . >
<tightpage . > <tightpage . > <tightpage . > <tightpage . > % % % % %
<tightpage . > <tightpage . > <tightpage . > <tightpage . > <tightpage . >
<tightpage . > % % % % % % % % % % % % <tightpage . > <tightpage . >
<tightpage . > <tightpage . > <tightpage . > <tightpage . > <tightpage . >
<tightpage . > <tightpage . > <tightpage . > <tightpage . > <tightpage . >
<tightpage . > <tightpage . > <tightpage . > <tightpage . > <tightpage . >
<tightpage . > <tightpage . > <tightpage . > <tightpage . > <tightpage . >
<tightpage . > <tightpage . > <tightpage . > <tightpage . > <tightpage . >
<tightpage . > <tightpage . > <tightpage . > <tightpage . > <tightpage . >
<tightpage . > <tightpage . > <tightpage . > <tightpage . > <tightpage . >
<tightpage . > <tightpage . > <tightpage . > <tightpage . > <tightpage . >
<tightpage . > <tightpage . > <tightpage . > <tightpage . > <tightpage . >
<tightpage . > <tightpage . > <tightpage . > <tightpage . > <tightpage . >
<tightpage . > <tightpage . > <tightpage . > <tightpage . > <tightpage . >
<tightpage . > <tightpage . > <tightpage . > <tightpage . > <tightpage . >
<tightpage . > <tightpage . > <tightpage . > <tightpage . > <tightpage . >
<tightpage . > <tightpage . > <tightpage . > <tightpage . > <tightpage . > % %
% % <tightpage . > <tightpage . > % % % % % <tightpage . > <tightpage . >
<tightpage . > <tightpage . > <tightpage . > <tightpage . > <tightpage . >
<tightpage . > <tightpage . > <tightpage . > <tightpage . > <tightpage . >
<tightpage . > <tightpage . > <tightpage . > <tightpage . > <tightpage . > % %
% % % <tightpage . > <tightpage . > <tightpage . > <tightpage . > % % % % % %
<tightpage . > % % % % % % % <tightpage . > <tightpage . > <tightpage . > % %
% % <tightpage . > % % % % % % <tightpage . > <tightpage . > <tightpage . > %
% % % <tightpage . > <tightpage . > % % % % % % % % % % % % % % % % % % % %
<showlabels . > <showlabels . > % % % % % % % % % <showlabels . > % % % %
<showlabels . > <showlabels . > <showlabels . > % % % % % % % % % % % % % % %
% % % <showlabels . > <showlabels . > <showlabels . > % % % <showlabels . >
<showlabels . > <showlabels . > % % % <showlabels . > <showlabels . >
<showlabels . > <showlabels . > <showlabels . > % % % % % % % <showlabels . >
<showlabels . > % % % % % % % <showlabels . > <showlabels . > <showlabels . >
<showlabels . > <showlabels . > % % % % <showlabels . > % % % % %
<showlabels . > <showlabels . > <showlabels . > % % % % <showlabels . >
<showlabels . > <showlabels . > <showlabels . > % % % % % <showlabels . >
<showlabels . > <showlabels . > <showlabels . > <showlabels . >
<showlabels . > <showlabels . > <showlabels . > % % % % % % <footnotes . > % %
% % % % % % % % <installer . > <installer&make . > <installer . >
<installer . > <installer&!make . > <installer . > <installer . >
<installer . > <installer . > <installer . > <installer . > <installer . >
<installer . > <installer . > <installer . > <installer . > <installer . >
<installer . > % % % <driver . > <driver . > <driver . > <driver . >
<driver . > <driver . > <driver . > % % % % % % % %
Lines  processed: 1903
Comments removed: 1238
Comments  passed: 2
Codelines passed: 371

Overall statistics:
Files  processed: 2
Lines  processed: 3806
Comments removed: 2476
Comments  passed: 4
Codelines passed: 742
 )
No pages of output.
